<?xml version="1.0"?>
<!DOCTYPE coverage SYSTEM "http://cobertura.sourceforge.net/xml/coverage-04.dtd">

<coverage line-rate="0.9333333333333333" branch-rate="1.0" lines-covered="56" lines-valid="60" branches-covered="14" branches-valid="14" complexity="1.5263157894736843" version="2.1.1" timestamp="1511344854311">
	<sources>
		<source>C:/maven-calcutta-workspace/apmn/src/main/java</source>
		<source>--source</source>
	</sources>
	<packages>
		<package name="com.example" line-rate="1.0" branch-rate="1.0" complexity="2.111111111111111">
			<classes>
				<class name="com.example.PayrollService" filename="com/example/PayrollService.java" line-rate="1.0" branch-rate="1.0" complexity="3.0">
					<methods>
						<method name="&lt;init&gt;" signature="()V" line-rate="1.0" branch-rate="1.0" complexity="0">
							<lines>
								<line number="5" hits="4" branch="false"/>
							</lines>
						</method>
						<method name="da" signature="(D)D" line-rate="1.0" branch-rate="1.0" complexity="0">
							<lines>
								<line number="22" hits="2" branch="true" condition-coverage="100% (2/2)">
									<conditions>
										<condition number="0" type="jump" coverage="100%"/>
									</conditions>
								</line>
								<line number="23" hits="1" branch="false"/>
								<line number="25" hits="1" branch="false"/>
							</lines>
						</method>
						<method name="hra" signature="(D)D" line-rate="1.0" branch-rate="1.0" complexity="0">
							<lines>
								<line number="8" hits="2" branch="true" condition-coverage="100% (2/2)">
									<conditions>
										<condition number="0" type="jump" coverage="100%"/>
									</conditions>
								</line>
								<line number="9" hits="1" branch="false"/>
								<line number="11" hits="1" branch="false"/>
							</lines>
						</method>
					</methods>
					<lines>
						<line number="5" hits="4" branch="false"/>
						<line number="8" hits="2" branch="true" condition-coverage="100% (2/2)">
							<conditions>
								<condition number="0" type="jump" coverage="100%"/>
							</conditions>
						</line>
						<line number="9" hits="1" branch="false"/>
						<line number="11" hits="1" branch="false"/>
						<line number="22" hits="2" branch="true" condition-coverage="100% (2/2)">
							<conditions>
								<condition number="0" type="jump" coverage="100%"/>
							</conditions>
						</line>
						<line number="23" hits="1" branch="false"/>
						<line number="25" hits="1" branch="false"/>
					</lines>
				</class>
				<class name="com.example.ShoppingService" filename="com/example/ShoppingService.java" line-rate="1.0" branch-rate="1.0" complexity="1.8571428571428572">
					<methods>
						<method name="&lt;init&gt;" signature="()V" line-rate="1.0" branch-rate="1.0" complexity="0">
							<lines>
								<line number="12" hits="14" branch="false"/>
								<line number="14" hits="14" branch="false"/>
							</lines>
						</method>
						<method name="addItem" signature="(Lcom/example/model/Product;)V" line-rate="1.0" branch-rate="1.0" complexity="0">
							<lines>
								<line number="17" hits="29" branch="false"/>
								<line number="18" hits="29" branch="true" condition-coverage="100% (2/2)">
									<conditions>
										<condition number="0" type="jump" coverage="100%"/>
									</conditions>
								</line>
								<line number="19" hits="7" branch="false"/>
								<line number="20" hits="7" branch="false"/>
								<line number="21" hits="7" branch="false"/>
								<line number="22" hits="22" branch="false"/>
								<line number="25" hits="29" branch="false"/>
							</lines>
						</method>
						<method name="cartDetails" signature="()Ljava/util/Collection;" line-rate="1.0" branch-rate="1.0" complexity="0">
							<lines>
								<line number="39" hits="4" branch="false"/>
							</lines>
						</method>
						<method name="countItems" signature="()I" line-rate="1.0" branch-rate="1.0" complexity="0">
							<lines>
								<line number="29" hits="8" branch="false"/>
								<line number="30" hits="8" branch="false"/>
								<line number="31" hits="8" branch="true" condition-coverage="100% (2/2)">
									<conditions>
										<condition number="0" type="jump" coverage="100%"/>
									</conditions>
								</line>
								<line number="32" hits="7" branch="false"/>
								<line number="33" hits="7" branch="false"/>
								<line number="34" hits="8" branch="false"/>
							</lines>
						</method>
						<method name="emptyCart" signature="()V" line-rate="1.0" branch-rate="1.0" complexity="0">
							<lines>
								<line number="77" hits="1" branch="false"/>
								<line number="78" hits="1" branch="false"/>
							</lines>
						</method>
						<method name="placeOrder" signature="()Ljava/lang/String;" line-rate="1.0" branch-rate="1.0" complexity="0">
							<lines>
								<line number="73" hits="4" branch="false"/>
							</lines>
						</method>
						<method name="removeItem" signature="(I)V" line-rate="1.0" branch-rate="1.0" complexity="0">
							<lines>
								<line number="44" hits="4" branch="true" condition-coverage="100% (2/2)">
									<conditions>
										<condition number="0" type="jump" coverage="100%"/>
									</conditions>
								</line>
								<line number="45" hits="1" branch="false"/>
								<line number="47" hits="3" branch="false"/>
								<line number="48" hits="3" branch="true" condition-coverage="100% (2/2)">
									<conditions>
										<condition number="0" type="jump" coverage="100%"/>
									</conditions>
								</line>
								<line number="49" hits="1" branch="false"/>
								<line number="51" hits="2" branch="false"/>
								<line number="53" hits="3" branch="false"/>
							</lines>
						</method>
						<method name="totalPrice" signature="()D" line-rate="1.0" branch-rate="1.0" complexity="0">
							<lines>
								<line number="57" hits="2" branch="false"/>
								<line number="58" hits="2" branch="false"/>
								<line number="59" hits="2" branch="true" condition-coverage="100% (2/2)">
									<conditions>
										<condition number="0" type="jump" coverage="100%"/>
									</conditions>
								</line>
								<line number="60" hits="3" branch="false"/>
								<line number="61" hits="3" branch="false"/>
								<line number="62" hits="3" branch="false"/>
								<line number="63" hits="2" branch="false"/>
							</lines>
						</method>
					</methods>
					<lines>
						<line number="12" hits="14" branch="false"/>
						<line number="14" hits="14" branch="false"/>
						<line number="17" hits="29" branch="false"/>
						<line number="18" hits="29" branch="true" condition-coverage="100% (2/2)">
							<conditions>
								<condition number="0" type="jump" coverage="100%"/>
							</conditions>
						</line>
						<line number="19" hits="7" branch="false"/>
						<line number="20" hits="7" branch="false"/>
						<line number="21" hits="7" branch="false"/>
						<line number="22" hits="22" branch="false"/>
						<line number="25" hits="29" branch="false"/>
						<line number="29" hits="8" branch="false"/>
						<line number="30" hits="8" branch="false"/>
						<line number="31" hits="8" branch="true" condition-coverage="100% (2/2)">
							<conditions>
								<condition number="0" type="jump" coverage="100%"/>
							</conditions>
						</line>
						<line number="32" hits="7" branch="false"/>
						<line number="33" hits="7" branch="false"/>
						<line number="34" hits="8" branch="false"/>
						<line number="39" hits="4" branch="false"/>
						<line number="44" hits="4" branch="true" condition-coverage="100% (2/2)">
							<conditions>
								<condition number="0" type="jump" coverage="100%"/>
							</conditions>
						</line>
						<line number="45" hits="1" branch="false"/>
						<line number="47" hits="3" branch="false"/>
						<line number="48" hits="3" branch="true" condition-coverage="100% (2/2)">
							<conditions>
								<condition number="0" type="jump" coverage="100%"/>
							</conditions>
						</line>
						<line number="49" hits="1" branch="false"/>
						<line number="51" hits="2" branch="false"/>
						<line number="53" hits="3" branch="false"/>
						<line number="57" hits="2" branch="false"/>
						<line number="58" hits="2" branch="false"/>
						<line number="59" hits="2" branch="true" condition-coverage="100% (2/2)">
							<conditions>
								<condition number="0" type="jump" coverage="100%"/>
							</conditions>
						</line>
						<line number="60" hits="3" branch="false"/>
						<line number="61" hits="3" branch="false"/>
						<line number="62" hits="3" branch="false"/>
						<line number="63" hits="2" branch="false"/>
						<line number="73" hits="4" branch="false"/>
						<line number="77" hits="1" branch="false"/>
						<line number="78" hits="1" branch="false"/>
					</lines>
				</class>
			</classes>
		</package>
		<package name="com.example.exception" line-rate="1.0" branch-rate="1.0" complexity="1.0">
			<classes>
				<class name="com.example.exception.InvalidProductException" filename="com/example/exception/InvalidProductException.java" line-rate="1.0" branch-rate="1.0" complexity="1.0">
					<methods>
						<method name="&lt;init&gt;" signature="(Ljava/lang/String;)V" line-rate="1.0" branch-rate="1.0" complexity="0">
							<lines>
								<line number="6" hits="1" branch="false"/>
								<line number="7" hits="1" branch="false"/>
							</lines>
						</method>
					</methods>
					<lines>
						<line number="6" hits="1" branch="false"/>
						<line number="7" hits="1" branch="false"/>
					</lines>
				</class>
				<class name="com.example.exception.InvalidSalaryException" filename="com/example/exception/InvalidSalaryException.java" line-rate="1.0" branch-rate="1.0" complexity="1.0">
					<methods>
						<method name="&lt;init&gt;" signature="(Ljava/lang/String;)V" line-rate="1.0" branch-rate="1.0" complexity="0">
							<lines>
								<line number="6" hits="2" branch="false"/>
								<line number="7" hits="2" branch="false"/>
							</lines>
						</method>
					</methods>
					<lines>
						<line number="6" hits="2" branch="false"/>
						<line number="7" hits="2" branch="false"/>
					</lines>
				</class>
			</classes>
		</package>
		<package name="com.example.model" line-rate="0.75" branch-rate="1.0" complexity="1.0">
			<classes>
				<class name="com.example.model.Product" filename="com/example/model/Product.java" line-rate="0.75" branch-rate="1.0" complexity="1.0">
					<methods>
						<method name="&lt;init&gt;" signature="(ILjava/lang/String;DI)V" line-rate="1.0" branch-rate="1.0" complexity="0">
							<lines>
								<line number="10" hits="22" branch="false"/>
								<line number="11" hits="22" branch="false"/>
								<line number="12" hits="22" branch="false"/>
								<line number="13" hits="22" branch="false"/>
								<line number="14" hits="22" branch="false"/>
								<line number="15" hits="22" branch="false"/>
							</lines>
						</method>
						<method name="getId" signature="()I" line-rate="1.0" branch-rate="1.0" complexity="0">
							<lines>
								<line number="18" hits="30" branch="false"/>
							</lines>
						</method>
						<method name="getName" signature="()Ljava/lang/String;" line-rate="1.0" branch-rate="1.0" complexity="0">
							<lines>
								<line number="22" hits="1" branch="false"/>
							</lines>
						</method>
						<method name="getPrice" signature="()D" line-rate="1.0" branch-rate="1.0" complexity="0">
							<lines>
								<line number="30" hits="3" branch="false"/>
							</lines>
						</method>
						<method name="getQty" signature="()I" line-rate="1.0" branch-rate="1.0" complexity="0">
							<lines>
								<line number="38" hits="23" branch="false"/>
							</lines>
						</method>
						<method name="setName" signature="(Ljava/lang/String;)V" line-rate="0.0" branch-rate="1.0" complexity="0">
							<lines>
								<line number="26" hits="0" branch="false"/>
								<line number="27" hits="0" branch="false"/>
							</lines>
						</method>
						<method name="setPrice" signature="(D)V" line-rate="0.0" branch-rate="1.0" complexity="0">
							<lines>
								<line number="34" hits="0" branch="false"/>
								<line number="35" hits="0" branch="false"/>
							</lines>
						</method>
						<method name="setQty" signature="(I)V" line-rate="1.0" branch-rate="1.0" complexity="0">
							<lines>
								<line number="42" hits="9" branch="false"/>
								<line number="43" hits="9" branch="false"/>
							</lines>
						</method>
					</methods>
					<lines>
						<line number="10" hits="22" branch="false"/>
						<line number="11" hits="22" branch="false"/>
						<line number="12" hits="22" branch="false"/>
						<line number="13" hits="22" branch="false"/>
						<line number="14" hits="22" branch="false"/>
						<line number="15" hits="22" branch="false"/>
						<line number="18" hits="30" branch="false"/>
						<line number="22" hits="1" branch="false"/>
						<line number="26" hits="0" branch="false"/>
						<line number="27" hits="0" branch="false"/>
						<line number="30" hits="3" branch="false"/>
						<line number="34" hits="0" branch="false"/>
						<line number="35" hits="0" branch="false"/>
						<line number="38" hits="23" branch="false"/>
						<line number="42" hits="9" branch="false"/>
						<line number="43" hits="9" branch="false"/>
					</lines>
				</class>
			</classes>
		</package>
	</packages>
</coverage>
